{
  "stats": {
    "suites": 1,
    "tests": 1,
    "passes": 1,
    "pending": 0,
    "failures": 0,
    "start": "2025-07-16T11:57:41.697Z",
    "end": "2025-07-16T12:00:18.650Z",
    "duration": 156953,
    "testsRegistered": 1,
    "passPercent": 100,
    "pendingPercent": 0,
    "other": 0,
    "hasOther": false,
    "skipped": 0,
    "hasSkipped": false
  },
  "results": [
    {
      "uuid": "5efea807-1de9-41f5-bfbb-28000c4d7b92",
      "title": "",
      "fullFile": "cypress\\e2e\\Leonardo Guiato\\CadastroDeCliente.cy.js",
      "file": "cypress\\e2e\\Leonardo Guiato\\CadastroDeCliente.cy.js",
      "beforeHooks": [],
      "afterHooks": [],
      "tests": [],
      "suites": [
        {
          "uuid": "afd87e12-5fee-4f66-a100-a1ec68951a37",
          "title": "Cadastro de Cliente",
          "fullFile": "",
          "file": "",
          "beforeHooks": [],
          "afterHooks": [],
          "tests": [
            {
              "title": "Fluxo completo de cadastro, busca, validação e edição de endereço de cliente",
              "fullTitle": "Cadastro de Cliente Fluxo completo de cadastro, busca, validação e edição de endereço de cliente",
              "timedOut": null,
              "duration": 156595,
              "state": "passed",
              "speed": "slow",
              "pass": true,
              "fail": false,
              "pending": false,
              "context": null,
              "code": "cy.log(\" Iniciando cadastro do cliente\");\ncadastroCliente();\ncy.log(\"Cadastro do endereço\");\ncadastroEndereco();\ncy.log(\" Buscando cliente pelo CNPJ\");\nbuscarClientePorCNPJ();\ncy.log(\" Validando cadastro do cliente\");\nvalidacaoCadastro();\ncy.log(\" Editando endereço do cliente\");\nedicaoEndereco();\ncy.log(\" Validando endereço editado\");\nvalidarEnderecoEditado();",
              "err": {},
              "uuid": "2a5ee079-af1a-49d5-8a11-48a0db7f24b0",
              "parentUUID": "afd87e12-5fee-4f66-a100-a1ec68951a37",
              "isHook": false,
              "skipped": false
            }
          ],
          "suites": [],
          "passes": [
            "2a5ee079-af1a-49d5-8a11-48a0db7f24b0"
          ],
          "failures": [],
          "pending": [],
          "skipped": [],
          "duration": 156595,
          "root": false,
          "rootEmpty": false,
          "_timeout": 2000
        }
      ],
      "passes": [],
      "failures": [],
      "pending": [],
      "skipped": [],
      "duration": 0,
      "root": true,
      "rootEmpty": true,
      "_timeout": 2000
    }
  ],
  "meta": {
    "mocha": {
      "version": "7.2.0"
    },
    "mochawesome": {
      "options": {
        "quiet": false,
        "reportFilename": "mochawesome",
        "saveHtml": true,
        "saveJson": true,
        "consoleReporter": "spec",
        "useInlineDiffs": false,
        "code": true
      },
      "version": "7.1.3"
    },
    "marge": {
      "options": {
        "reportDir": "cypress/reports/html",
        "overwrite": true,
        "html": true,
        "json": true,
        "reportTitle": "Relatório de Testes - Cypress",
        "reportPageTitle": "Relatório Automatizado",
        "charts": true,
        "inlineAssets": true
      },
      "version": "6.2.0"
    }
  }
}