{
  "stats": {
    "suites": 1,
    "tests": 1,
    "passes": 0,
    "pending": 0,
    "failures": 1,
    "start": "2025-07-03T14:00:04.013Z",
    "end": "2025-07-03T14:00:28.574Z",
    "duration": 24561,
    "testsRegistered": 1,
    "passPercent": 0,
    "pendingPercent": 0,
    "other": 0,
    "hasOther": false,
    "skipped": 0,
    "hasSkipped": false
  },
  "results": [
    {
      "uuid": "e536d967-fd97-472b-8443-8193e8eb0bdd",
      "title": "",
      "fullFile": "cypress\\e2e\\Teste Lentidão Libbs\\TesteLentidaoLibbsProd.cy.js",
      "file": "cypress\\e2e\\Teste Lentidão Libbs\\TesteLentidaoLibbsProd.cy.js",
      "beforeHooks": [],
      "afterHooks": [],
      "tests": [],
      "suites": [
        {
          "uuid": "bdf03beb-f33e-44d4-a31a-f1116fba866d",
          "title": "Teste de Lentidão Plataforma Libbs - Produção",
          "fullFile": "",
          "file": "",
          "beforeHooks": [],
          "afterHooks": [],
          "tests": [
            {
              "title": "Teste de Lentidão - Produção",
              "fullTitle": "Teste de Lentidão Plataforma Libbs - Produção Teste de Lentidão - Produção",
              "timedOut": null,
              "duration": 20554,
              "state": "failed",
              "speed": null,
              "pass": false,
              "fail": true,
              "pending": false,
              "context": null,
              "code": "cy.visit(\"https://libbs.entiretp.com.br/Default.aspx\", {\n  timeout: 120000\n});\ncy.get(\":nth-child(7) > .sf-with-ul\", {\n  timeout: 15000\n}).should(\"be.visible\");\ncy.get(\":nth-child(7) > .sf-with-ul\").click();\ncy.contains(\"Listar Pedidos\").should(\"be.visible\").click();\n// Captura o momento antes da navegação\nconst start = Date.now();\n// Aguarda o elemento final que comprova carregamento\ncy.get(\"#lblTituloPagina\", {\n  timeout: 60000\n}).should(\"be.visible\").then(() => {\n  const end = Date.now();\n  const elapsed = (end - start) / 1000;\n  cy.log(` Tempo até carregar Listar Pedidos: ${elapsed.toFixed(2)}s`);\n  if (elapsed > 8) {\n    throw new Error(` BUG: Demorou ${elapsed.toFixed(2)}s para carregar!`);\n  }\n});",
              "err": {
                "message": "CypressError: Timed out retrying after 4050ms: `cy.click()` failed because this element is not visible:\n\n`<a href=\"https://libbs.entiretp.com.br//Pedido/pedListagemPedidos.aspX?cod=CE9AFB1E-01FE-4955-A3A4-0FF36E7CDF2B|19\">Listar ...</a>`\n\nThis element `<a>` is not visible because its parent `<ul>` has CSS property: `display: none`\n\nFix this problem, or use `{force: true}` to disable error checking.\n\nhttps://on.cypress.io/element-cannot-be-interacted-with",
                "estack": "CypressError: Timed out retrying after 4050ms: `cy.click()` failed because this element is not visible:\n\n`<a href=\"https://libbs.entiretp.com.br//Pedido/pedListagemPedidos.aspX?cod=CE9AFB1E-01FE-4955-A3A4-0FF36E7CDF2B|19\">Listar ...</a>`\n\nThis element `<a>` is not visible because its parent `<ul>` has CSS property: `display: none`\n\nFix this problem, or use `{force: true}` to disable error checking.\n\nhttps://on.cypress.io/element-cannot-be-interacted-with\n    at runVisibilityCheck (https://libbs.entiretp.com.br/__cypress/runner/cypress_runner.js:147004:58)\n    at Object.isStrictlyVisible (https://libbs.entiretp.com.br/__cypress/runner/cypress_runner.js:147018:10)\n    at runAllChecks (https://libbs.entiretp.com.br/__cypress/runner/cypress_runner.js:113449:26)\n    at retryActionability (https://libbs.entiretp.com.br/__cypress/runner/cypress_runner.js:113517:16)\n    at tryCatcher (https://libbs.entiretp.com.br/__cypress/runner/cypress_runner.js:1777:23)\n    at Promise.attempt.Promise.try (https://libbs.entiretp.com.br/__cypress/runner/cypress_runner.js:4285:29)\n    at whenStable (https://libbs.entiretp.com.br/__cypress/runner/cypress_runner.js:145831:68)\n    at <unknown> (https://libbs.entiretp.com.br/__cypress/runner/cypress_runner.js:145772:14)\n    at tryCatcher (https://libbs.entiretp.com.br/__cypress/runner/cypress_runner.js:1777:23)\n    at Promise._settlePromiseFromHandler (https://libbs.entiretp.com.br/__cypress/runner/cypress_runner.js:1489:31)\n    at Promise._settlePromise (https://libbs.entiretp.com.br/__cypress/runner/cypress_runner.js:1546:18)\n    at Promise._settlePromise0 (https://libbs.entiretp.com.br/__cypress/runner/cypress_runner.js:1591:10)\n    at Promise._settlePromises (https://libbs.entiretp.com.br/__cypress/runner/cypress_runner.js:1671:18)\n    at Promise._fulfill (https://libbs.entiretp.com.br/__cypress/runner/cypress_runner.js:1615:18)\n    at <unknown> (https://libbs.entiretp.com.br/__cypress/runner/cypress_runner.js:5420:46)",
                "diff": null
              },
              "uuid": "24c92685-64ef-45de-80ce-4b2a21af697c",
              "parentUUID": "bdf03beb-f33e-44d4-a31a-f1116fba866d",
              "isHook": false,
              "skipped": false
            }
          ],
          "suites": [],
          "passes": [],
          "failures": [
            "24c92685-64ef-45de-80ce-4b2a21af697c"
          ],
          "pending": [],
          "skipped": [],
          "duration": 20554,
          "root": false,
          "rootEmpty": false,
          "_timeout": 2000
        }
      ],
      "passes": [],
      "failures": [],
      "pending": [],
      "skipped": [],
      "duration": 0,
      "root": true,
      "rootEmpty": true,
      "_timeout": 2000
    }
  ],
  "meta": {
    "mocha": {
      "version": "7.2.0"
    },
    "mochawesome": {
      "options": {
        "quiet": false,
        "reportFilename": "mochawesome",
        "saveHtml": true,
        "saveJson": true,
        "consoleReporter": "spec",
        "useInlineDiffs": false,
        "code": true
      },
      "version": "7.1.3"
    },
    "marge": {
      "options": {
        "reportDir": "cypress/reports/html",
        "overwrite": true,
        "html": true,
        "json": true,
        "reportTitle": "Relatório de Testes - Cypress",
        "reportPageTitle": "Relatório Automatizado",
        "charts": true,
        "inlineAssets": true
      },
      "version": "6.2.0"
    }
  }
}