{
  "stats": {
    "suites": 1,
    "tests": 1,
    "passes": 1,
    "pending": 0,
    "failures": 1,
    "start": "2025-07-14T20:12:03.090Z",
    "end": "2025-07-14T20:12:15.968Z",
    "duration": 12878,
    "testsRegistered": 1,
    "passPercent": 100,
    "pendingPercent": 0,
    "other": 0,
    "hasOther": false,
    "skipped": 0,
    "hasSkipped": false
  },
  "results": [
    {
      "uuid": "bc3ec073-9193-4807-9d4f-6618bb086822",
      "title": "",
      "fullFile": "cypress\\e2e\\Leonardo Guiato\\CadastroDeCliente.cy.js",
      "file": "cypress\\e2e\\Leonardo Guiato\\CadastroDeCliente.cy.js",
      "beforeHooks": [],
      "afterHooks": [],
      "tests": [],
      "suites": [
        {
          "uuid": "17192e35-32cd-4d40-888a-8c6dd874faf5",
          "title": "Cadastro de Cliente",
          "fullFile": "",
          "file": "",
          "beforeHooks": [],
          "afterHooks": [],
          "tests": [
            {
              "title": "Fluxo completo de cadastro, busca, validação e edição de endereço de cliente",
              "fullTitle": "Cadastro de Cliente Fluxo completo de cadastro, busca, validação e edição de endereço de cliente",
              "timedOut": null,
              "duration": 12814,
              "state": "failed",
              "speed": null,
              "pass": false,
              "fail": true,
              "pending": false,
              "context": null,
              "code": "cy.log(\" Iniciando cadastro do cliente\");\ncadastroCliente();\ncy.log(\"Cadastro do endereço\");\ncadastroEndereco();\ncy.log(\" Buscando cliente pelo CNPJ\");\nbuscarClientePorCNPJ();\ncy.log(\" Validando cadastro do cliente\");\nvalidacaoCadastro();\ncy.log(\" Editando endereço do cliente\");\nedicaoEndereco();\ncy.log(\" Validando endereço editado\");\nvalidarEnderecoEditado();",
              "err": {
                "message": "AssertionError: Timed out retrying after 4000ms: Expected to find element: `#nav > :nth-child(3) > .sf-with-ul`, but never found it.",
                "estack": "AssertionError: Timed out retrying after 4000ms: Expected to find element: `#nav > :nth-child(3) > .sf-with-ul`, but never found it.\n    at cadastroCliente (https://homologacaoesp.interplayers.com.br/__cypress/tests?p=cypress\\e2e\\Leonardo%20Guiato\\CadastroDeCliente.cy.js:2476:8)\n    at Context.eval (https://homologacaoesp.interplayers.com.br/__cypress/tests?p=cypress\\e2e\\Leonardo%20Guiato\\CadastroDeCliente.cy.js:2601:5)",
                "diff": null
              },
              "uuid": "f4fadf36-b5ca-4d4f-821a-53fcbb9fbe46",
              "parentUUID": "17192e35-32cd-4d40-888a-8c6dd874faf5",
              "isHook": false,
              "skipped": false
            }
          ],
          "suites": [],
          "passes": [],
          "failures": ["f4fadf36-b5ca-4d4f-821a-53fcbb9fbe46"],
          "failures": [],
          "pending": [],
          "skipped": [],
          "duration": 12814,
          "root": false,
          "rootEmpty": false,
          "_timeout": 2000
        }
      ],
      "passes": [],
      "failures": [],
      "pending": [],
      "skipped": [],
      "duration": 0,
      "root": true,
      "rootEmpty": true,
      "_timeout": 2000
    }
  ],
  "meta": {
    "mocha": {
      "version": "7.2.0"
    },
    "mochawesome": {
      "options": {
        "quiet": false,
        "reportFilename": "mochawesome",
        "saveHtml": true,
        "saveJson": true,
        "consoleReporter": "spec",
        "useInlineDiffs": false,
        "code": true
      },
      "version": "7.1.3"
    },
    "marge": {
      "options": {
        "reportDir": "cypress/reports/html",
        "overwrite": true,
        "html": true,
        "json": true,
        "reportTitle": "Relatório de Testes - Cypress",
        "reportPageTitle": "Relatório Automatizado",
        "charts": true,
        "inlineAssets": true
      },
      "version": "6.2.0"
    }
  }
}
