{
  "stats": {
    "suites": 1,
    "tests": 1,
    "passes": 0,
    "pending": 0,
    "failures": 1,
    "start": "2025-07-24T14:54:31.050Z",
    "end": "2025-07-24T14:55:02.983Z",
    "duration": 31933,
    "testsRegistered": 1,
    "passPercent": 0,
    "pendingPercent": 0,
    "other": 0,
    "hasOther": false,
    "skipped": 0,
    "hasSkipped": false
  },
  "results": [
    {
      "uuid": "c545e77f-8575-477e-bda1-dccab4f0ebcf",
      "title": "",
      "fullFile": "cypress\\e2e\\Leonardo Guiato\\PoliticaComercial.cy.js",
      "file": "cypress\\e2e\\Leonardo Guiato\\PoliticaComercial.cy.js",
      "beforeHooks": [],
      "afterHooks": [],
      "tests": [],
      "suites": [
        {
          "uuid": "5c57a006-038c-4b12-9739-e603174163cc",
          "title": "Politica Comercial e validação",
          "fullFile": "",
          "file": "",
          "beforeHooks": [],
          "afterHooks": [],
          "tests": [
            {
              "title": "Fluxo completo de cadastro de Politica Comercial",
              "fullTitle": "Politica Comercial e validação Fluxo completo de cadastro de Politica Comercial",
              "timedOut": null,
              "duration": 31361,
              "state": "failed",
              "speed": null,
              "pass": false,
              "fail": true,
              "pending": false,
              "context": null,
              "code": "cadastroPoliticaComercial();\ncadastroCliente();\ncadastroProduto();\ncadastroBonificacao();\ncadastroDistribuidor();",
              "err": {
                "message": "CypressError: Timed out retrying after 4050ms: `cy.click()` failed because this element is not visible:\n\n`<input type=\"submit\" name=\"ctl00$ContentPlaceHolder1$rptDistribuidor$ctl01$imgSelecionar\" value=\"\" id=\"ContentPlaceHolder1_rptDistribuidor_imgSelecionar_0\" class=\" bt-ico-whitePlus bt-ico\">`\n\nThis element `<input#ContentPlaceHolder1_rptDistribuidor_imgSelecionar_0..bt-ico-whitePlus.bt-ico>` is not visible because its parent `<div#abaDistribuidor>` has CSS property: `display: none`\n\nFix this problem, or use `{force: true}` to disable error checking.\n\nhttps://on.cypress.io/element-cannot-be-interacted-with",
                "estack": "CypressError: Timed out retrying after 4050ms: `cy.click()` failed because this element is not visible:\n\n`<input type=\"submit\" name=\"ctl00$ContentPlaceHolder1$rptDistribuidor$ctl01$imgSelecionar\" value=\"\" id=\"ContentPlaceHolder1_rptDistribuidor_imgSelecionar_0\" class=\" bt-ico-whitePlus bt-ico\">`\n\nThis element `<input#ContentPlaceHolder1_rptDistribuidor_imgSelecionar_0..bt-ico-whitePlus.bt-ico>` is not visible because its parent `<div#abaDistribuidor>` has CSS property: `display: none`\n\nFix this problem, or use `{force: true}` to disable error checking.\n\nhttps://on.cypress.io/element-cannot-be-interacted-with\n    at runVisibilityCheck (https://homologacaoesp.interplayers.com.br/__cypress/runner/cypress_runner.js:147004:58)\n    at Object.isStrictlyVisible (https://homologacaoesp.interplayers.com.br/__cypress/runner/cypress_runner.js:147018:10)\n    at runAllChecks (https://homologacaoesp.interplayers.com.br/__cypress/runner/cypress_runner.js:113449:26)\n    at retryActionability (https://homologacaoesp.interplayers.com.br/__cypress/runner/cypress_runner.js:113517:16)\n    at tryCatcher (https://homologacaoesp.interplayers.com.br/__cypress/runner/cypress_runner.js:1777:23)\n    at Promise.attempt.Promise.try (https://homologacaoesp.interplayers.com.br/__cypress/runner/cypress_runner.js:4285:29)\n    at whenStable (https://homologacaoesp.interplayers.com.br/__cypress/runner/cypress_runner.js:145831:68)\n    at <unknown> (https://homologacaoesp.interplayers.com.br/__cypress/runner/cypress_runner.js:145772:14)\n    at tryCatcher (https://homologacaoesp.interplayers.com.br/__cypress/runner/cypress_runner.js:1777:23)\n    at Promise._settlePromiseFromHandler (https://homologacaoesp.interplayers.com.br/__cypress/runner/cypress_runner.js:1489:31)\n    at Promise._settlePromise (https://homologacaoesp.interplayers.com.br/__cypress/runner/cypress_runner.js:1546:18)\n    at Promise._settlePromise0 (https://homologacaoesp.interplayers.com.br/__cypress/runner/cypress_runner.js:1591:10)\n    at Promise._settlePromises (https://homologacaoesp.interplayers.com.br/__cypress/runner/cypress_runner.js:1671:18)\n    at Promise._fulfill (https://homologacaoesp.interplayers.com.br/__cypress/runner/cypress_runner.js:1615:18)\n    at <unknown> (https://homologacaoesp.interplayers.com.br/__cypress/runner/cypress_runner.js:5420:46)",
                "diff": null
              },
              "uuid": "4362f077-728d-413d-8dee-4db17b771f64",
              "parentUUID": "5c57a006-038c-4b12-9739-e603174163cc",
              "isHook": false,
              "skipped": false
            }
          ],
          "suites": [],
          "passes": [],
          "failures": [
            "4362f077-728d-413d-8dee-4db17b771f64"
          ],
          "pending": [],
          "skipped": [],
          "duration": 31361,
          "root": false,
          "rootEmpty": false,
          "_timeout": 2000
        }
      ],
      "passes": [],
      "failures": [],
      "pending": [],
      "skipped": [],
      "duration": 0,
      "root": true,
      "rootEmpty": true,
      "_timeout": 2000
    }
  ],
  "meta": {
    "mocha": {
      "version": "7.2.0"
    },
    "mochawesome": {
      "options": {
        "quiet": false,
        "reportFilename": "mochawesome",
        "saveHtml": true,
        "saveJson": true,
        "consoleReporter": "spec",
        "useInlineDiffs": false,
        "code": true
      },
      "version": "7.1.3"
    },
    "marge": {
      "options": {
        "reportDir": "cypress/reports/html",
        "overwrite": true,
        "html": true,
        "json": true,
        "reportTitle": "Relatório de Testes - Cypress",
        "reportPageTitle": "Relatório Automatizado",
        "charts": true,
        "inlineAssets": true
      },
      "version": "6.2.0"
    }
  }
}