{
  "stats": {
    "suites": 1,
    "tests": 1,
    "passes": 0,
    "pending": 0,
    "failures": 1,
    "start": "2025-06-05T19:35:58.949Z",
    "end": "2025-06-05T19:36:54.097Z",
    "duration": 55148,
    "testsRegistered": 1,
    "passPercent": 0,
    "pendingPercent": 0,
    "other": 0,
    "hasOther": false,
    "skipped": 0,
    "hasSkipped": false
  },
  "results": [
    {
      "uuid": "bb935947-d032-4f16-a15d-a8d97846ff87",
      "title": "",
      "fullFile": "cypress\\e2e\\fluxoCadastroClienteOtimizado.cy.js",
      "file": "cypress\\e2e\\fluxoCadastroClienteOtimizado.cy.js",
      "beforeHooks": [],
      "afterHooks": [],
      "tests": [],
      "suites": [
        {
          "uuid": "9d529aec-0d54-4749-8d0d-7927d64b8ee6",
          "title": "Fluxo após login válido",
          "fullFile": "",
          "file": "",
          "beforeHooks": [],
          "afterHooks": [],
          "tests": [
            {
              "title": "Fluxo completo de cadastro de cliente e endereço e validação",
              "fullTitle": "Fluxo após login válido Fluxo completo de cadastro de cliente e endereço e validação",
              "timedOut": null,
              "duration": 54883,
              "state": "failed",
              "speed": null,
              "pass": false,
              "fail": true,
              "pending": false,
              "context": null,
              "code": "cadastroCliente();\ncadastroEndereco();",
              "err": {
                "message": "AssertionError: Timed out retrying after 4000ms: Expected to find element: `#ContentPlaceHolder1_txtCPFCNPJ`, but never found it.",
                "estack": "AssertionError: Timed out retrying after 4000ms: Expected to find element: `#ContentPlaceHolder1_txtCPFCNPJ`, but never found it.\n    at cadastroEndereco (https://homologacaoesp.interplayers.com.br/__cypress/tests?p=cypress\\e2e\\fluxoCadastroClienteOtimizado.cy.js:138:8)\n    at Context.eval (https://homologacaoesp.interplayers.com.br/__cypress/tests?p=cypress\\e2e\\fluxoCadastroClienteOtimizado.cy.js:149:5)",
                "diff": null
              },
              "uuid": "a8cdc95d-1fcc-4d45-96a6-e22d05a5be78",
              "parentUUID": "9d529aec-0d54-4749-8d0d-7927d64b8ee6",
              "isHook": false,
              "skipped": false
            }
          ],
          "suites": [],
          "passes": [],
          "failures": [
            "a8cdc95d-1fcc-4d45-96a6-e22d05a5be78"
          ],
          "pending": [],
          "skipped": [],
          "duration": 54883,
          "root": false,
          "rootEmpty": false,
          "_timeout": 2000
        }
      ],
      "passes": [],
      "failures": [],
      "pending": [],
      "skipped": [],
      "duration": 0,
      "root": true,
      "rootEmpty": true,
      "_timeout": 2000
    }
  ],
  "meta": {
    "mocha": {
      "version": "7.2.0"
    },
    "mochawesome": {
      "options": {
        "quiet": false,
        "reportFilename": "mochawesome",
        "saveHtml": true,
        "saveJson": true,
        "consoleReporter": "spec",
        "useInlineDiffs": false,
        "code": true
      },
      "version": "7.1.3"
    },
    "marge": {
      "options": {
        "reportDir": "cypress/reports/html",
        "overwrite": true,
        "html": true,
        "json": true,
        "reportTitle": "Relatório de Testes - Cypress",
        "reportPageTitle": "Relatório Automatizado",
        "charts": true,
        "inlineAssets": true
      },
      "version": "6.2.0"
    }
  }
}