{
  "stats": {
    "suites": 1,
    "tests": 1,
    "passes": 1,
    "pending": 0,
    "failures": 0,
    "start": "2025-07-17T12:14:42.045Z",
    "end": "2025-07-17T12:15:12.654Z",
    "duration": 30609,
    "testsRegistered": 1,
    "passPercent": 100,
    "pendingPercent": 0,
    "other": 0,
    "hasOther": false,
    "skipped": 0,
    "hasSkipped": false
  },
  "results": [
    {
      "uuid": "a9985b1e-8b23-453d-998b-e97fec809c2a",
      "title": "",
      "fullFile": "cypress\\e2e\\Tiago Pavão\\cadastroProduto.cy.js",
      "file": "cypress\\e2e\\Tiago Pavão\\cadastroProduto.cy.js",
      "beforeHooks": [],
      "afterHooks": [],
      "tests": [],
      "suites": [
        {
          "uuid": "ca1b62b3-96b1-46e7-844e-f3b8f2f271a1",
          "title": "Fluxo após login válido",
          "fullFile": "",
          "file": "",
          "beforeHooks": [],
          "afterHooks": [],
          "tests": [
            {
              "title": "Cadastro Produto SKU",
              "fullTitle": "Fluxo após login válido Cadastro Produto SKU",
              "timedOut": null,
              "duration": 30527,
              "state": "passed",
              "speed": "slow",
              "pass": true,
              "fail": false,
              "pending": false,
              "context": null,
              "code": "cy.log(\"Cadastro Novo Produto SKU\");\ncadastroProduto();\ncy.log(\"Bucar Produto Cadastrado\");\nbuscarProduto();",
              "err": {},
              "uuid": "851b8680-9ca5-4b8b-80c8-ff0b11854051",
              "parentUUID": "ca1b62b3-96b1-46e7-844e-f3b8f2f271a1",
              "isHook": false,
              "skipped": false
            }
          ],
          "suites": [],
          "passes": [
            "851b8680-9ca5-4b8b-80c8-ff0b11854051"
          ],
          "failures": [],
          "pending": [],
          "skipped": [],
          "duration": 30527,
          "root": false,
          "rootEmpty": false,
          "_timeout": 2000
        }
      ],
      "passes": [],
      "failures": [],
      "pending": [],
      "skipped": [],
      "duration": 0,
      "root": true,
      "rootEmpty": true,
      "_timeout": 2000
    }
  ],
  "meta": {
    "mocha": {
      "version": "7.2.0"
    },
    "mochawesome": {
      "options": {
        "quiet": false,
        "reportFilename": "mochawesome",
        "saveHtml": true,
        "saveJson": true,
        "consoleReporter": "spec",
        "useInlineDiffs": false,
        "code": true
      },
      "version": "7.1.3"
    },
    "marge": {
      "options": {
        "reportDir": "cypress/reports/html",
        "overwrite": true,
        "html": true,
        "json": true,
        "reportTitle": "Relatório de Testes - Cypress",
        "reportPageTitle": "Relatório Automatizado",
        "charts": true,
        "inlineAssets": true
      },
      "version": "6.2.0"
    }
  }
}