{
  "stats": {
    "suites": 1,
    "tests": 1,
    "passes": 1,
    "pending": 0,
    "failures": 0,
    "start": "2025-07-17T20:37:59.644Z",
    "end": "2025-07-17T20:40:06.988Z",
    "duration": 127344,
    "testsRegistered": 1,
    "passPercent": 100,
    "pendingPercent": 0,
    "other": 0,
    "hasOther": false,
    "skipped": 0,
    "hasSkipped": false
  },
  "results": [
    {
      "uuid": "55d94ac7-8363-41f8-84fc-2f0e94c0570c",
      "title": "",
      "fullFile": "cypress\\e2e\\Alex Veloso\\cadastroDistribuidor.cy.js",
      "file": "cypress\\e2e\\Alex Veloso\\cadastroDistribuidor.cy.js",
      "beforeHooks": [],
      "afterHooks": [],
      "tests": [],
      "suites": [
        {
          "uuid": "0a6b7a20-087b-4eca-a13c-90494b1ad29e",
          "title": "Cadastro de novo Distribuidor",
          "fullFile": "",
          "file": "",
          "beforeHooks": [],
          "afterHooks": [],
          "tests": [
            {
              "title": "Fluxo de Cadastro de Novo Distribuidor",
              "fullTitle": "Cadastro de novo Distribuidor Fluxo de Cadastro de Novo Distribuidor",
              "timedOut": null,
              "duration": 124287,
              "state": "passed",
              "speed": "slow",
              "pass": true,
              "fail": false,
              "pending": false,
              "context": null,
              "code": "cy.log(\"Cadastrando novo distribudor\");\ncadastroNovoDistribuidor();\ncy.log(\"Dados novo distribuidor\");\ndadosNovoDistribuidor();\ncy.log(\"Estados de atendimento\");\nestadosAtendidos();\ncy.log(\"Endereço distribuidor\");\nenderecoNovoDistribuidor();\ncy.log(\"Busca novo distribuidor\");\nbuscaNovoDisatribuidor();",
              "err": {},
              "uuid": "2eae5010-435b-45dc-aa79-008d122f9550",
              "parentUUID": "0a6b7a20-087b-4eca-a13c-90494b1ad29e",
              "isHook": false,
              "skipped": false
            }
          ],
          "suites": [],
          "passes": [
            "2eae5010-435b-45dc-aa79-008d122f9550"
          ],
          "failures": [],
          "pending": [],
          "skipped": [],
          "duration": 124287,
          "root": false,
          "rootEmpty": false,
          "_timeout": 2000
        }
      ],
      "passes": [],
      "failures": [],
      "pending": [],
      "skipped": [],
      "duration": 0,
      "root": true,
      "rootEmpty": true,
      "_timeout": 2000
    }
  ],
  "meta": {
    "mocha": {
      "version": "7.2.0"
    },
    "mochawesome": {
      "options": {
        "quiet": false,
        "reportFilename": "mochawesome",
        "saveHtml": true,
        "saveJson": true,
        "consoleReporter": "spec",
        "useInlineDiffs": false,
        "code": true
      },
      "version": "7.1.3"
    },
    "marge": {
      "options": {
        "reportDir": "cypress/reports/html",
        "overwrite": true,
        "html": true,
        "json": true,
        "reportTitle": "Relatório de Testes - Cypress",
        "reportPageTitle": "Relatório Automatizado",
        "charts": true,
        "inlineAssets": true
      },
      "version": "6.2.0"
    }
  }
}