{
  "stats": {
    "suites": 1,
    "tests": 1,
    "passes": 1,
    "pending": 0,
    "failures": 0,
    "start": "2025-08-05T13:11:14.306Z",
    "end": "2025-08-05T13:44:25.712Z",
    "duration": 1991406,
    "testsRegistered": 1,
    "passPercent": 100,
    "pendingPercent": 0,
    "other": 0,
    "hasOther": false,
    "skipped": 0,
    "hasSkipped": false
  },
  "results": [
    {
      "uuid": "656b9eec-6ad8-4c5a-9e64-26d8c0aec5f2",
      "title": "",
      "fullFile": "cypress\\e2e\\Teste Bayer\\TesteCargaExcluida.cy.js",
      "file": "cypress\\e2e\\Teste Bayer\\TesteCargaExcluida.cy.js",
      "beforeHooks": [],
      "afterHooks": [],
      "tests": [],
      "suites": [
        {
          "uuid": "88003646-84a4-441b-9cc7-9bb35632e417",
          "title": "Politica Comercial - Validação de CNPJs excluídos",
          "fullFile": "",
          "file": "",
          "beforeHooks": [],
          "afterHooks": [],
          "tests": [
            {
              "title": "Valida que os CNPJs removidos não estão mais visíveis na política",
              "fullTitle": "Politica Comercial - Validação de CNPJs excluídos Valida que os CNPJs removidos não estão mais visíveis na política",
              "timedOut": null,
              "duration": 1989581,
              "state": "passed",
              "speed": "slow",
              "pass": true,
              "fail": false,
              "pending": false,
              "context": null,
              "code": "acessarPoliticaComercial();\nvalidarCNPJsExcluidos();",
              "err": {},
              "uuid": "e3d28a99-2bef-49f5-b497-ba0fdfc22b06",
              "parentUUID": "88003646-84a4-441b-9cc7-9bb35632e417",
              "isHook": false,
              "skipped": false
            }
          ],
          "suites": [],
          "passes": [
            "e3d28a99-2bef-49f5-b497-ba0fdfc22b06"
          ],
          "failures": [],
          "pending": [],
          "skipped": [],
          "duration": 1989581,
          "root": false,
          "rootEmpty": false,
          "_timeout": 2000
        }
      ],
      "passes": [],
      "failures": [],
      "pending": [],
      "skipped": [],
      "duration": 0,
      "root": true,
      "rootEmpty": true,
      "_timeout": 2000
    }
  ],
  "meta": {
    "mocha": {
      "version": "7.2.0"
    },
    "mochawesome": {
      "options": {
        "quiet": false,
        "reportFilename": "mochawesome",
        "saveHtml": true,
        "saveJson": true,
        "consoleReporter": "spec",
        "useInlineDiffs": false,
        "code": true
      },
      "version": "7.1.3"
    },
    "marge": {
      "options": {
        "reportDir": "cypress/reports/html",
        "overwrite": true,
        "html": true,
        "json": true,
        "reportTitle": "Relatório de Testes - Cypress",
        "reportPageTitle": "Relatório Automatizado",
        "charts": true,
        "inlineAssets": true
      },
      "version": "6.2.0"
    }
  }
}