{
  "stats": {
    "suites": 1,
    "tests": 1,
    "passes": 0,
    "pending": 0,
    "failures": 1,
    "start": "2025-06-05T11:09:49.028Z",
    "end": "2025-06-05T11:10:35.728Z",
    "duration": 46700,
    "testsRegistered": 1,
    "passPercent": 0,
    "pendingPercent": 0,
    "other": 0,
    "hasOther": false,
    "skipped": 0,
    "hasSkipped": false
  },
  "results": [
    {
      "uuid": "300b2f2e-74c4-462b-941f-09733411a4b4",
      "title": "",
      "fullFile": "cypress\\e2e\\loginValidoFluxoCadastroCliente.cy.js",
      "file": "cypress\\e2e\\loginValidoFluxoCadastroCliente.cy.js",
      "beforeHooks": [],
      "afterHooks": [],
      "tests": [],
      "suites": [
        {
          "uuid": "0f2f1de2-ad52-4f5f-be46-a42dabf212b5",
          "title": "Fluxo após login válido",
          "fullFile": "",
          "file": "",
          "beforeHooks": [],
          "afterHooks": [],
          "tests": [
            {
              "title": "Cadastro de Cliente",
              "fullTitle": "Fluxo após login válido Cadastro de Cliente",
              "timedOut": null,
              "duration": 46608,
              "state": "failed",
              "speed": null,
              "pass": false,
              "fail": true,
              "pending": false,
              "context": null,
              "code": "const cnpjBuscado = \"22121179000178\";\nconst nomeFantasia = \"Teste Fantasia8\";\nconst razaoSocial = \"Teste8\";\ncy.get(\"#nav > :nth-child(3) > .sf-with-ul\").click();\ncy.contains(\"Cadastro de Cliente\").click();\ncy.get(\"#ContentPlaceHolder1_btNovoPDV\").click();\ncy.get(\"#ContentPlaceHolder1_trTipoDocumento\").contains(\"JURIDICA\").click();\ncy.get(\"#ContentPlaceHolder1_DDLTipoCli\").select(\"CLIENTE - Bayer\");\ncy.get(\"#ContentPlaceHolder1_PesRazaoSocial_Nome\").type(razaoSocial);\ncy.get(\"#ContentPlaceHolder1_PesCNPJ_CPF\").type(cnpjBuscado);\ncy.get(\"#ContentPlaceHolder1_PesNomeFantasia\").type(nomeFantasia);\ncy.get(\"#ContentPlaceHolder1_PopupCNPJ_ctl00_btCancelarPopup\").click();\ncy.get(\"#ContentPlaceHolder1_PesNomeFantasia\").type(nomeFantasia);\ncy.get(\"#ContentPlaceHolder1_ListSetorVenda\").select(\"454\");\ncy.get(\"#ContentPlaceHolder1_btnAddSetorVenda\").click();\n//Endereço\ncy.get(\"#liAbaEndereco\").click();\ncy.get(\"#ContentPlaceHolder1_dlEndereco_EndCep_0\").type(\"14340000\");\ncy.get(\"#ContentPlaceHolder1_dlEndereco_ddlEstados_0\").select(\"SP\");\ncy.get(\"#ContentPlaceHolder1_dlEndereco_idCidade_0\").select(\"Brodowski\");\ncy.get(\"#ContentPlaceHolder1_dlEndereco_EndBairro_0\").type(\"centro\");\ncy.get(\"#ContentPlaceHolder1_dlEndereco_EndLogradouro_0\").type(\"centro\");\ncy.get(\"#ContentPlaceHolder1_dlEndereco_txtNrLogradouro_0\").type(\"10\");\ncy.get(\"#ContentPlaceHolder1_btEnviar\").click();\ncy.get(\"#ajaxLoading\", {\n  timeout: 10000\n}).should(\"not.be.visible\");\ncy.get(\"#ContentPlaceHolder1_txtCPFCNPJ\").type(cnpjBuscado);\ncy.get(\"#ContentPlaceHolder1_BtnProcurar\").click();\ncy.get(\"#ajaxLoading\", {\n  timeout: 100000\n}).should(\"not.be.visible\");\ncy.get(\".gridRow > :nth-child(3)\", {\n  timeout: 10000\n}).should(\"contain.text\", cnpjBuscado);",
              "err": {
                "message": "AssertionError: Timed out retrying after 4000ms: Expected to find element: `#ContentPlaceHolder1_txtCPFCNPJ`, but never found it.",
                "estack": "AssertionError: Timed out retrying after 4000ms: Expected to find element: `#ContentPlaceHolder1_txtCPFCNPJ`, but never found it.\n    at Context.eval (https://homologacaoesp.interplayers.com.br/__cypress/tests?p=cypress\\e2e\\loginValidoFluxoCadastroCliente.cy.js:46:8)",
                "diff": null
              },
              "uuid": "7ed5911e-f0e2-469b-8e7f-1d1817ae8bd8",
              "parentUUID": "0f2f1de2-ad52-4f5f-be46-a42dabf212b5",
              "isHook": false,
              "skipped": false
            }
          ],
          "suites": [],
          "passes": [],
          "failures": [
            "7ed5911e-f0e2-469b-8e7f-1d1817ae8bd8"
          ],
          "pending": [],
          "skipped": [],
          "duration": 46608,
          "root": false,
          "rootEmpty": false,
          "_timeout": 2000
        }
      ],
      "passes": [],
      "failures": [],
      "pending": [],
      "skipped": [],
      "duration": 0,
      "root": true,
      "rootEmpty": true,
      "_timeout": 2000
    }
  ],
  "meta": {
    "mocha": {
      "version": "7.2.0"
    },
    "mochawesome": {
      "options": {
        "quiet": false,
        "reportFilename": "mochawesome",
        "saveHtml": true,
        "saveJson": true,
        "consoleReporter": "spec",
        "useInlineDiffs": false,
        "code": true
      },
      "version": "7.1.3"
    },
    "marge": {
      "options": {
        "reportDir": "cypress/reports/html",
        "overwrite": true,
        "html": true,
        "json": true
      },
      "version": "6.2.0"
    }
  }
}